 |-------------------------------|
8| R | N | B | Q | K | B | N | R |
 |-------------------------------|
7| M | M | M | M | M | M | M | M |
 |-------------------------------|
6|   |   |   |   |   |   |   |   |
 |-------------------------------|
5|   |   |   |   |   |   |   |   |
 |-------------------------------|
4|   |   |   |   |   |   |   |   |
 |-------------------------------|
3|   |   |   |   |   |   |   |   |
 |-------------------------------|
2| m | m | m | m | m | m | m | m |
 |-------------------------------|
1| r | n | b | q | k | b | n | r |
 |-------------------------------|
   a   b   c   d   e   f   g   h  
Enter game settings:
 |-------------------------------|
8|   |   |   |   |   |   |   |   |
 |-------------------------------|
7| M | q |   | r |   |   |   | M |
 |-------------------------------|
6|   |   |   |   | R | M | M |   |
 |-------------------------------|
5|   |   | K | M |   | M |   |   |
 |-------------------------------|
4|   |   |   |   |   |   |   |   |
 |-------------------------------|
3|   |   | m |   | B |   |   | m |
 |-------------------------------|
2|   |   | m |   |   | Q | m |   |
 |-------------------------------|
1|   |   |   | k | r |   |   |   |
 |-------------------------------|
   a   b   c   d   e   f   g   h  
Enter game settings:
White player - enter your move:
 |-------------------------------|
8|   |   |   |   |   |   |   |   |
 |-------------------------------|
7| M | q |   |   |   |   |   | M |
 |-------------------------------|
6|   |   |   |   | R | M | M |   |
 |-------------------------------|
5|   |   | K | r |   | M |   |   |
 |-------------------------------|
4|   |   |   |   |   |   |   |   |
 |-------------------------------|
3|   |   | m |   | B |   |   | m |
 |-------------------------------|
2|   |   | m |   |   | Q | m |   |
 |-------------------------------|
1|   |   |   | k | r |   |   |   |
 |-------------------------------|
   a   b   c   d   e   f   g   h  
Check!
Black player - enter your move:
Black player - enter your move:
<c,5> to <c,4>
Black player - enter your move:
 |-------------------------------|
8|   |   |   |   |   |   |   |   |
 |-------------------------------|
7| M | q |   |   |   |   |   | M |
 |-------------------------------|
6|   |   |   |   | R | M | M |   |
 |-------------------------------|
5|   |   |   | r |   | M |   |   |
 |-------------------------------|
4|   |   | K |   |   |   |   |   |
 |-------------------------------|
3|   |   | m |   | B |   |   | m |
 |-------------------------------|
2|   |   | m |   |   | Q | m |   |
 |-------------------------------|
1|   |   |   | k | r |   |   |   |
 |-------------------------------|
   a   b   c   d   e   f   g   h  
White player - enter your move:
 |-------------------------------|
8|   |   |   |   |   |   |   |   |
 |-------------------------------|
7| M |   |   |   |   |   |   | M |
 |-------------------------------|
6|   |   |   |   | R | M | M |   |
 |-------------------------------|
5|   |   |   | r |   | M |   |   |
 |-------------------------------|
4|   |   | K |   |   |   |   |   |
 |-------------------------------|
3|   | q | m |   | B |   |   | m |
 |-------------------------------|
2|   |   | m |   |   | Q | m |   |
 |-------------------------------|
1|   |   |   | k | r |   |   |   |
 |-------------------------------|
   a   b   c   d   e   f   g   h  
Mate! White player wins the game
