 |-------------------------------|
8| R | N | B | Q | K | B | N | R |
 |-------------------------------|
7| M | M | M | M | M | M | M | M |
 |-------------------------------|
6|   |   |   |   |   |   |   |   |
 |-------------------------------|
5|   |   |   |   |   |   |   |   |
 |-------------------------------|
4|   |   |   |   |   |   |   |   |
 |-------------------------------|
3|   |   |   |   |   |   |   |   |
 |-------------------------------|
2| m | m | m | m | m | m | m | m |
 |-------------------------------|
1| r | n | b | q | k | b | n | r |
 |-------------------------------|
   a   b   c   d   e   f   g   h  
Enter game settings:
 |-------------------------------|
8|   |   |   |   |   |   |   |   |
 |-------------------------------|
7| M | q |   | r |   |   |   | M |
 |-------------------------------|
6|   |   |   |   | R | M | M |   |
 |-------------------------------|
5|   |   | K | M |   | M |   |   |
 |-------------------------------|
4|   |   |   |   |   |   |   |   |
 |-------------------------------|
3|   |   | m |   | B |   |   | m |
 |-------------------------------|
2|   |   | m |   |   | Q | m |   |
 |-------------------------------|
1|   |   |   | k | r |   |   |   |
 |-------------------------------|
   a   b   c   d   e   f   g   h  
Enter game settings:
White player - enter your move:
<g,2> to <g,3>
White player - enter your move:
<b,7> to <c,7>
<b,7> to <b,8>
<b,7> to <a,7>
<b,7> to <b,6>
<b,7> to <b,5>
<b,7> to <b,4>
<b,7> to <b,3>
<b,7> to <b,2>
<b,7> to <b,1>
<b,7> to <c,8>
<b,7> to <c,6>
<b,7> to <d,5>
<b,7> to <a,8>
<b,7> to <a,6>
White player - enter your move:
<d,7> to <e,7>
<d,7> to <f,7>
<d,7> to <g,7>
<d,7> to <h,7>
<d,7> to <d,8>
<d,7> to <c,7>
<d,7> to <d,6>
<d,7> to <d,5>
White player - enter your move:
White player - enter your move:
 |-------------------------------|
8|   |   |   | r |   |   |   |   |
 |-------------------------------|
7| M | q |   |   |   |   |   | M |
 |-------------------------------|
6|   |   |   |   | R | M | M |   |
 |-------------------------------|
5|   |   | K | M |   | M |   |   |
 |-------------------------------|
4|   |   |   |   |   |   |   |   |
 |-------------------------------|
3|   |   | m |   | B |   |   | m |
 |-------------------------------|
2|   |   | m |   |   | Q | m |   |
 |-------------------------------|
1|   |   |   | k | r |   |   |   |
 |-------------------------------|
   a   b   c   d   e   f   g   h  
Black player - enter your move:
<f,2> to <g,2>
<f,2> to <f,3>
<f,2> to <f,4>
<f,2> to <e,2>
<f,2> to <d,2>
<f,2> to <c,2>
<f,2> to <f,1>
<f,2> to <g,3>
<f,2> to <h,4>
<f,2> to <g,1>
<f,2> to <e,1>
Black player - enter your move:
<c,5> to <c,4>
Black player - enter your move:
<e,3> to <f,4>
<e,3> to <g,5>
<e,3> to <h,6>
<e,3> to <d,4>
<e,3> to <d,2>
<e,3> to <c,1>
Black player - enter your move:
